<?xml version="1.0" encoding="UTF-8"?>
<robot generator="Robot 5.0.1 (Python 3.10.5 on win32)" generated="20221115 17:43:47.545" rpa="false" schemaversion="3">
<suite id="s1" name="Framework DL" source="C:\Users\daniel.pogorevici\Desktop\Framework_DL">
<suite id="s1-s1" name="Tests" source="C:\Users\daniel.pogorevici\Desktop\Framework_DL\Tests">
<suite id="s1-s1-s1" name="Sanity" source="C:\Users\daniel.pogorevici\Desktop\Framework_DL\Tests\Sanity.robot">
<test id="s1-s1-s1-t1" name="Test Case - Display active retros in Active tab" line="18">
<kw name="Open DL in Firefox" library="Resource" type="SETUP">
<kw name="Open Browser" library="SeleniumLibrary">
<arg>https://app-toolkit-frontend-qa.azurewebsites.net/project</arg>
<arg>firefox</arg>
<doc>Opens a new browser instance to the optional ``url``.</doc>
<msg timestamp="20221115 17:43:47.793" level="INFO">Opening browser 'firefox' to base url 'https://app-toolkit-frontend-qa.azurewebsites.net/project'.</msg>
<msg timestamp="20221115 17:43:47.800" level="INFO">Firefox driver log is always forced to to: C:\Users\daniel.pogorevici\Desktop\Framework_DL\results\geckodriver-1.log</msg>
<status status="PASS" starttime="20221115 17:43:47.793" endtime="20221115 17:43:54.298"/>
</kw>
<kw name="Maximize Browser Window" library="SeleniumLibrary">
<doc>Maximizes current browser window.</doc>
<status status="PASS" starttime="20221115 17:43:54.299" endtime="20221115 17:43:54.574"/>
</kw>
<status status="PASS" starttime="20221115 17:43:47.792" endtime="20221115 17:43:54.575"/>
</kw>
<kw name="Given I am logged in as Manager" library="LoggingIn">
<kw name="Click Element" library="SeleniumLibrary">
<arg>id=basic_email</arg>
<doc>Click the element identified by ``locator``.</doc>
<msg timestamp="20221115 17:43:54.581" level="INFO">Clicking element 'id=basic_email'.</msg>
<status status="PASS" starttime="20221115 17:43:54.581" endtime="20221115 17:43:54.831"/>
</kw>
<kw name="Input Text" library="SeleniumLibrary">
<arg>id=basic_email</arg>
<arg>${manager_email}</arg>
<doc>Types the given ``text`` into the text field identified by ``locator``.</doc>
<msg timestamp="20221115 17:43:54.832" level="INFO">Typing text 'manager1@amdaris.com' into text field 'id=basic_email'.</msg>
<status status="PASS" starttime="20221115 17:43:54.831" endtime="20221115 17:43:54.899"/>
</kw>
<kw name="Click Element" library="SeleniumLibrary">
<arg>id=basic_password</arg>
<doc>Click the element identified by ``locator``.</doc>
<msg timestamp="20221115 17:43:54.900" level="INFO">Clicking element 'id=basic_password'.</msg>
<status status="PASS" starttime="20221115 17:43:54.899" endtime="20221115 17:43:55.128"/>
</kw>
<kw name="Input Text" library="SeleniumLibrary">
<arg>id=basic_password</arg>
<arg>${manager_password}</arg>
<doc>Types the given ``text`` into the text field identified by ``locator``.</doc>
<msg timestamp="20221115 17:43:55.129" level="INFO">Typing text 'amdaris' into text field 'id=basic_password'.</msg>
<status status="PASS" starttime="20221115 17:43:55.128" endtime="20221115 17:43:55.154"/>
</kw>
<kw name="Click Button" library="SeleniumLibrary">
<arg>Sign in</arg>
<doc>Clicks the button identified by ``locator``.</doc>
<msg timestamp="20221115 17:43:55.155" level="INFO">Clicking button 'Sign in'.</msg>
<status status="PASS" starttime="20221115 17:43:55.154" endtime="20221115 17:43:55.393"/>
</kw>
<status status="PASS" starttime="20221115 17:43:54.577" endtime="20221115 17:43:55.393"/>
</kw>
<kw name="When I access retrospective page" library="ActivePage">
<kw name="Wait Until Element Is Visible" library="SeleniumLibrary">
<arg>(//span[contains(text(), 'Open')][1])[1]</arg>
<doc>Waits until the element ``locator`` is visible.</doc>
<status status="PASS" starttime="20221115 17:43:55.405" endtime="20221115 17:43:57.374"/>
</kw>
<kw name="Click Element" library="SeleniumLibrary">
<arg>(//span[contains(text(), 'Open')][1])[1]</arg>
<doc>Click the element identified by ``locator``.</doc>
<msg timestamp="20221115 17:43:57.375" level="INFO">Clicking element '(//span[contains(text(), 'Open')][1])[1]'.</msg>
<status status="PASS" starttime="20221115 17:43:57.375" endtime="20221115 17:43:57.614"/>
</kw>
<kw name="Wait Until Element Is Visible" library="SeleniumLibrary">
<arg>//*[@id="root"]/section/aside/div/ul[1]/li[2]</arg>
<doc>Waits until the element ``locator`` is visible.</doc>
<status status="PASS" starttime="20221115 17:43:57.614" endtime="20221115 17:43:57.641"/>
</kw>
<kw name="Click Element" library="SeleniumLibrary">
<arg>//*[@id="root"]/section/aside/div/ul[1]/li[2]</arg>
<doc>Click the element identified by ``locator``.</doc>
<msg timestamp="20221115 17:43:57.641" level="INFO">Clicking element '//*[@id="root"]/section/aside/div/ul[1]/li[2]'.</msg>
<status status="PASS" starttime="20221115 17:43:57.641" endtime="20221115 17:43:57.878"/>
</kw>
<status status="PASS" starttime="20221115 17:43:55.400" endtime="20221115 17:43:57.878"/>
</kw>
<kw name="Then retrospective page is displayed" library="ActivePage">
<kw name="Wait Until Element Is Visible" library="SeleniumLibrary">
<arg>//h1[contains(text(), 'Retrospective')]</arg>
<doc>Waits until the element ``locator`` is visible.</doc>
<status status="PASS" starttime="20221115 17:43:57.887" endtime="20221115 17:43:57.902"/>
</kw>
<status status="PASS" starttime="20221115 17:43:57.883" endtime="20221115 17:43:57.902"/>
</kw>
<kw name="And active tab is opened" library="ActivePage">
<kw name="Wait Until Page Contains Element" library="SeleniumLibrary">
<arg>//div[contains(text(), 'Active')]</arg>
<doc>Waits until the element ``locator`` appears on the current page.</doc>
<status status="PASS" starttime="20221115 17:43:57.917" endtime="20221115 17:43:57.922"/>
</kw>
<status status="PASS" starttime="20221115 17:43:57.911" endtime="20221115 17:43:57.922"/>
</kw>
<kw name="And active retros are displayed in the active tab" library="ActivePage">
<kw name="Wait Until Page Contains Element" library="SeleniumLibrary">
<arg>//span[contains(text(), 'Join')]</arg>
<doc>Waits until the element ``locator`` appears on the current page.</doc>
<status status="PASS" starttime="20221115 17:43:57.932" endtime="20221115 17:43:58.145"/>
</kw>
<status status="PASS" starttime="20221115 17:43:57.930" endtime="20221115 17:43:58.146"/>
</kw>
<kw name="End Test" library="Resource" type="TEARDOWN">
<kw name="Close All Browsers" library="SeleniumLibrary">
<doc>Closes all open browsers and resets the browser cache.</doc>
<status status="PASS" starttime="20221115 17:43:58.152" endtime="20221115 17:43:58.978"/>
</kw>
<status status="PASS" starttime="20221115 17:43:58.151" endtime="20221115 17:43:58.978"/>
</kw>
<status status="PASS" starttime="20221115 17:43:47.791" endtime="20221115 17:43:58.979"/>
</test>
<doc>Sanity Tests</doc>
<status status="PASS" starttime="20221115 17:43:47.575" endtime="20221115 17:43:58.980"/>
</suite>
<status status="PASS" starttime="20221115 17:43:47.571" endtime="20221115 17:43:58.983"/>
</suite>
<status status="PASS" starttime="20221115 17:43:47.550" endtime="20221115 17:43:58.986"/>
</suite>
<statistics>
<total>
<stat pass="1" fail="0" skip="0">All Tests</stat>
</total>
<tag>
</tag>
<suite>
<stat pass="1" fail="0" skip="0" id="s1" name="Framework DL">Framework DL</stat>
<stat pass="1" fail="0" skip="0" id="s1-s1" name="Tests">Framework DL.Tests</stat>
<stat pass="1" fail="0" skip="0" id="s1-s1-s1" name="Sanity">Framework DL.Tests.Sanity</stat>
</suite>
</statistics>
<errors>
</errors>
</robot>
